#
# There is insufficient memory for the Java Runtime Environment to continue.
# Native memory allocation (malloc) failed to allocate 1048576 bytes for AllocateHeap
# Possible reasons:
#   The system is out of physical RAM or swap space
#   The process is running with CompressedOops enabled, and the Java Heap may be blocking the growth of the native heap
# Possible solutions:
#   Reduce memory load on the system
#   Increase physical memory or swap space
#   Check if swap backing store is full
#   Decrease Java heap size (-Xmx/-Xms)
#   Decrease number of Java threads
#   Decrease Java thread stack sizes (-Xss)
#   Set larger code cache with -XX:ReservedCodeCacheSize=
#   JVM is running with Zero Based Compressed Oops mode in which the Java heap is
#     placed in the first 32GB address space. The Java Heap base address is the
#     maximum limit for the native heap growth. Please use -XX:HeapBaseMinAddress
#     to set the Java Heap base and to place the Java Heap above 32GB virtual address.
# This output file may be truncated or incomplete.
#
#  Out of Memory Error (memory/allocation.inline.hpp:61), pid=24656, tid=0x00000000000051fc
#
# JRE version:  (8.0_281-b09) (build )
# Java VM: Java HotSpot(TM) 64-Bit Server VM (25.281-b09 mixed mode windows-amd64 compressed oops)
# Failed to write core dump. Minidumps are not enabled by default on client versions of Windows
#

---------------  T H R E A D  ---------------

Current thread (0x00000215cef0c000):  JavaThread "Unknown thread" [_thread_in_vm, id=20988, stack(0x0000008e7d600000,0x0000008e7d700000)]

Stack: [0x0000008e7d600000,0x0000008e7d700000]
Native frames: (J=compiled Java code, j=interpreted, Vv=VM code, C=native code)
V  [jvm.dll+0x32e5b9]
V  [jvm.dll+0x275012]
V  [jvm.dll+0x275cbd]
V  [jvm.dll+0x26c6f5]
V  [jvm.dll+0x509d]
V  [jvm.dll+0x3c8d4d]
V  [jvm.dll+0x3c9aca]
V  [jvm.dll+0x3c5a67]
V  [jvm.dll+0xfcaaf]
V  [jvm.dll+0x209a1b]
V  [jvm.dll+0x2383d7]
V  [jvm.dll+0x162566]
C  [java.exe+0x2312]
C  [java.exe+0x15f54]
C  [KERNEL32.DLL+0x17614]
C  [ntdll.dll+0x526b1]


---------------  P R O C E S S  ---------------

Java Threads: ( => current thread )

Other Threads:

=>0x00000215cef0c000 (exited) JavaThread "Unknown thread" [_thread_in_vm, id=20988, stack(0x0000008e7d600000,0x0000008e7d700000)]

VM state:not at safepoint (normal execution)

VM Mutex/Monitor currently owned by a thread: None

heap address: 0x00000006ca200000, size: 3934 MB, Compressed Oops mode: Zero based, Oop shift amount: 3
Narrow klass base: 0x0000000000000000, Narrow klass shift: 3
Compressed class space size: 1073741824 Address: 0x00000007c0000000

Heap:
 PSYoungGen      total 73728K, used 1269K [0x000000076e100000, 0x0000000773300000, 0x00000007c0000000)
  eden space 63488K, 2% used [0x000000076e100000,0x000000076e23d718,0x0000000771f00000)
  from space 10240K, 0% used [0x0000000772900000,0x0000000772900000,0x0000000773300000)
  to   space 10240K, 0% used [0x0000000771f00000,0x0000000771f00000,0x0000000772900000)
 ParOldGen       total 167936K, used 0K [0x00000006ca200000, 0x00000006d4600000, 0x000000076e100000)
  object space 167936K, 0% used [0x00000006ca200000,0x00000006ca200000,0x00000006d4600000)
 Metaspace       used 777K, capacity 4480K, committed 4480K, reserved 1056768K
  class space    used 76K, capacity 384K, committed 384K, reserved 1048576K

Card table byte_map: [0x00000215dfe20000,0x00000215e05d0000] byte_map_base: 0x00000215dc7cf000

Marking Bits: (ParMarkBitMap*) 0x0000000054586ff0
 Begin Bits: [0x00000215e0af0000, 0x00000215e4868000)
 End Bits:   [0x00000215e4868000, 0x00000215e85e0000)

Polling page: 0x00000215cee90000

CodeCache: size=245760Kb used=327Kb max_used=327Kb free=245432Kb
 bounds [0x00000215d0a60000, 0x00000215d0cd0000, 0x00000215dfa60000]
 total_blobs=57 nmethods=0 adapters=38
 compilation: enabled

Compilation events (0 events):
No events

GC Heap History (0 events):
No events

Deoptimization events (0 events):
No events

Classes redefined (0 events):
No events

Internal exceptions (0 events):
No events

Events (10 events):
Event: 0.028 loading class java/lang/Short
Event: 0.028 loading class java/lang/Short done
Event: 0.028 loading class java/lang/Integer
Event: 0.028 loading class java/lang/Integer done
Event: 0.028 loading class java/lang/Long
Event: 0.028 loading class java/lang/Long done
Event: 0.029 loading class java/lang/NullPointerException
Event: 0.029 loading class java/lang/NullPointerException done
Event: 0.029 loading class java/lang/ArithmeticException
Event: 0.029 loading class java/lang/ArithmeticException done


Dynamic libraries:
0x00007ff6999c0000 - 0x00007ff699a07000 	D:\software\jdk1.8.0_281\bin\java.exe
0x00007ffe542f0000 - 0x00007ffe544e8000 	C:\WINDOWS\SYSTEM32\ntdll.dll
0x00007ffe52620000 - 0x00007ffe526df000 	C:\WINDOWS\System32\KERNEL32.DLL
0x00007ffe52050000 - 0x00007ffe52346000 	C:\WINDOWS\System32\KERNELBASE.dll
0x00007ffe52570000 - 0x00007ffe5261f000 	C:\WINDOWS\System32\ADVAPI32.dll
0x00007ffe53400000 - 0x00007ffe5349e000 	C:\WINDOWS\System32\msvcrt.dll
0x00007ffe529e0000 - 0x00007ffe52a7c000 	C:\WINDOWS\System32\sechost.dll
0x00007ffe52740000 - 0x00007ffe52866000 	C:\WINDOWS\System32\RPCRT4.dll
0x00007ffe52ef0000 - 0x00007ffe5308d000 	C:\WINDOWS\System32\USER32.dll
0x00007ffe51af0000 - 0x00007ffe51b12000 	C:\WINDOWS\System32\win32u.dll
0x00007ffe529b0000 - 0x00007ffe529dc000 	C:\WINDOWS\System32\GDI32.dll
0x00007ffe51c20000 - 0x00007ffe51d35000 	C:\WINDOWS\System32\gdi32full.dll
0x00007ffe51a50000 - 0x00007ffe51aed000 	C:\WINDOWS\System32\msvcp_win.dll
0x00007ffe51b20000 - 0x00007ffe51c20000 	C:\WINDOWS\System32\ucrtbase.dll
0x00007ffe2bae0000 - 0x00007ffe2bd7a000 	C:\WINDOWS\WinSxS\amd64_microsoft.windows.common-controls_6595b64144ccf1df_6.0.19041.1110_none_60b5254171f9507e\COMCTL32.dll
0x00007ffe52400000 - 0x00007ffe52430000 	C:\WINDOWS\System32\IMM32.DLL
0x00007ffe390f0000 - 0x00007ffe39105000 	D:\software\jdk1.8.0_281\jre\bin\vcruntime140.dll
0x00007ffe331f0000 - 0x00007ffe3328b000 	D:\software\jdk1.8.0_281\jre\bin\msvcp140.dll
0x0000000053da0000 - 0x00000000545ff000 	D:\software\jdk1.8.0_281\jre\bin\server\jvm.dll
0x00007ffe53360000 - 0x00007ffe53368000 	C:\WINDOWS\System32\PSAPI.DLL
0x00007ffe49000000 - 0x00007ffe4900a000 	C:\WINDOWS\SYSTEM32\VERSION.dll
0x00007ffe3c720000 - 0x00007ffe3c729000 	C:\WINDOWS\SYSTEM32\WSOCK32.dll
0x00007ffe4f1f0000 - 0x00007ffe4f217000 	C:\WINDOWS\SYSTEM32\WINMM.dll
0x00007ffe53390000 - 0x00007ffe533fb000 	C:\WINDOWS\System32\WS2_32.dll
0x00007ffe50250000 - 0x00007ffe50262000 	C:\WINDOWS\SYSTEM32\kernel.appcore.dll
0x00007ffe33b80000 - 0x00007ffe33b90000 	D:\software\jdk1.8.0_281\jre\bin\verify.dll
0x00007ffe331c0000 - 0x00007ffe331eb000 	D:\software\jdk1.8.0_281\jre\bin\java.dll
0x00007ffe46660000 - 0x00007ffe46690000 	D:\software\jdk1.8.0_281\jre\bin\instrument.dll
0x00007ffe334e0000 - 0x00007ffe334f8000 	D:\software\jdk1.8.0_281\jre\bin\zip.dll
0x00007ffe4f000000 - 0x00007ffe4f1e4000 	C:\WINDOWS\SYSTEM32\dbghelp.dll
0x00007ffe51f10000 - 0x00007ffe51f92000 	C:\WINDOWS\System32\bcryptPrimitives.dll

VM Arguments:
jvm_args: -XX:TieredStopAtLevel=1 -Xverify:none -Dspring.output.ansi.enabled=always -Dcom.sun.management.jmxremote -Dspring.jmx.enabled=true -Dspring.liveBeansView.mbeanDomain -Dspring.application.admin.enabled=true -javaagent:E:\IntelliJ IDEA 2020.1.1\lib\idea_rt.jar=52122:E:\IntelliJ IDEA 2020.1.1\bin -Dfile.encoding=UTF-8 
java_command: com.grapeapi.project.APIBackendApplication
java_class_path (initial): D:\software\jdk1.8.0_281\jre\lib\charsets.jar;D:\software\jdk1.8.0_281\jre\lib\deploy.jar;D:\software\jdk1.8.0_281\jre\lib\ext\access-bridge-64.jar;D:\software\jdk1.8.0_281\jre\lib\ext\cldrdata.jar;D:\software\jdk1.8.0_281\jre\lib\ext\dnsns.jar;D:\software\jdk1.8.0_281\jre\lib\ext\jaccess.jar;D:\software\jdk1.8.0_281\jre\lib\ext\jfxrt.jar;D:\software\jdk1.8.0_281\jre\lib\ext\localedata.jar;D:\software\jdk1.8.0_281\jre\lib\ext\nashorn.jar;D:\software\jdk1.8.0_281\jre\lib\ext\sunec.jar;D:\software\jdk1.8.0_281\jre\lib\ext\sunjce_provider.jar;D:\software\jdk1.8.0_281\jre\lib\ext\sunmscapi.jar;D:\software\jdk1.8.0_281\jre\lib\ext\sunpkcs11.jar;D:\software\jdk1.8.0_281\jre\lib\ext\zipfs.jar;D:\software\jdk1.8.0_281\jre\lib\javaws.jar;D:\software\jdk1.8.0_281\jre\lib\jce.jar;D:\software\jdk1.8.0_281\jre\lib\jfr.jar;D:\software\jdk1.8.0_281\jre\lib\jfxswt.jar;D:\software\jdk1.8.0_281\jre\lib\jsse.jar;D:\software\jdk1.8.0_281\jre\lib\management-agent.jar;D:\software\jdk1.8.0_281\jre\lib\plugin.jar;D:\software\jdk1.8.0_281\jre\lib\resources.jar;D:\software\jdk1.8.0_281\jre\lib\rt.jar;E:\code\Grape-API\api-backend\target\classes;E:\code\Grape-API\api-common\target\classes;D:\software\repository\maven_repository\org\apache\dubbo\dubbo\3.0.9\dubbo-3.0.9.jar;D:\software\repository\maven_repository\org\springframework\spring-context\5.3.20\spring-context-5.3.20.jar;D:\software\repository\maven_repository\org\springframework\spring-beans\5.3.20\spring-beans-5.3.20.jar;D:\software\repository\maven_repository\org\springframework\spring-expression\5.3.20\spring-expression-5.3.20.jar;D:\software\repository\maven_repository\com\alibaba\spring\spring-context-support\1.0.8\spring-context-support-1.0.8.jar;D:\software\repository\maven_repository\org\javassist\javassist\3.28.0-GA\javassist-3.28.0-GA.jar;D:\software\repository\maven_repository\io\netty\netty-all\4.1.77.Final\netty-all-4.1.77.Final.jar;D:\software\repository\maven_repository\io\netty\netty-buffer
Launcher Type: SUN_STANDARD

Environment Variables:
JAVA_HOME=D:\software\jdk1.8.0_281
CLASSPATH=.;D:\software\jdk1.8.0_281\lib\dt.jar;D:\software\jdk1.8.0_281\lib\tools.jar;
USERNAME=jianyang
OS=Windows_NT
PROCESSOR_IDENTIFIER=AMD64 Family 23 Model 96 Stepping 1, AuthenticAMD



---------------  S Y S T E M  ---------------

OS: Windows 10.0 , 64 bit Build 19041 (10.0.19041.3155)

CPU:total 16 (initial active 16) (16 cores per cpu, 1 threads per core) family 23 model 96 stepping 1, cmov, cx8, fxsr, mmx, sse, sse2, sse3, ssse3, sse4.1, sse4.2, popcnt, avx, avx2, aes, clmul, mmxext, 3dnowpref, lzcnt, sse4a, tsc, tscinvbit, tscinv, bmi1

Memory: 4k page, physical 16112436k(4900472k free), swap 20306740k(5280k free)

vm_info: Java HotSpot(TM) 64-Bit Server VM (25.281-b09) for windows-amd64 JRE (1.8.0_281-b09), built on Dec  9 2020 13:54:07 by "" with MS VC++ 15.9 (VS2017)

time: Thu Aug 10 16:32:16 2023
timezone: 中国标准时间
elapsed time: 0.069958 seconds (0d 0h 0m 0s)

