#
# There is insufficient memory for the Java Runtime Environment to continue.
# Native memory allocation (malloc) failed to allocate 46544 bytes for Chunk::new
# Possible reasons:
#   The system is out of physical RAM or swap space
#   The process is running with CompressedOops enabled, and the Java Heap may be blocking the growth of the native heap
# Possible solutions:
#   Reduce memory load on the system
#   Increase physical memory or swap space
#   Check if swap backing store is full
#   Decrease Java heap size (-Xmx/-Xms)
#   Decrease number of Java threads
#   Decrease Java thread stack sizes (-Xss)
#   Set larger code cache with -XX:ReservedCodeCacheSize=
#   JVM is running with Zero Based Compressed Oops mode in which the Java heap is
#     placed in the first 32GB address space. The Java Heap base address is the
#     maximum limit for the native heap growth. Please use -XX:HeapBaseMinAddress
#     to set the Java Heap base and to place the Java Heap above 32GB virtual address.
# This output file may be truncated or incomplete.
#
#  Out of Memory Error (allocation.cpp:389), pid=21748, tid=0x00000000000050ac
#
# JRE version: Java(TM) SE Runtime Environment (8.0_281-b09) (build 1.8.0_281-b09)
# Java VM: Java HotSpot(TM) 64-Bit Server VM (25.281-b09 mixed mode windows-amd64 compressed oops)
# Failed to write core dump. Minidumps are not enabled by default on client versions of Windows
#

---------------  T H R E A D  ---------------

Current thread (0x000001bf60433000):  JavaThread "C2 CompilerThread3" daemon [_thread_in_native, id=20652, stack(0x0000001fa1400000,0x0000001fa1500000)]

Stack: [0x0000001fa1400000,0x0000001fa1500000]
Native frames: (J=compiled Java code, j=interpreted, Vv=VM code, C=native code)
V  [jvm.dll+0x32e5b9]


Current CompileTask:
C2:  11741 4821       4       org.springframework.boot.context.properties.source.ConfigurationPropertyName$ElementsParser::parse (234 bytes)


---------------  P R O C E S S  ---------------

Java Threads: ( => current thread )
  0x000001bf63d72800 JavaThread "com.alibaba.nacos.client.Worker" daemon [_thread_blocked, id=14568, stack(0x0000001fa3900000,0x0000001fa3a00000)]
  0x000001bf63d71800 JavaThread "com.alibaba.nacos.client.Worker" daemon [_thread_blocked, id=18796, stack(0x0000001fa3800000,0x0000001fa3900000)]
  0x000001bf63d70000 JavaThread "com.alibaba.nacos.client.Worker" daemon [_thread_blocked, id=25256, stack(0x0000001fa3700000,0x0000001fa3800000)]
  0x000001bf63d71000 JavaThread "DubboMetadataReportTimer-thread-1" daemon [_thread_blocked, id=25092, stack(0x0000001fa3600000,0x0000001fa3700000)]
  0x000001bf6403f800 JavaThread "nacos-grpc-client-executor-localhost-7" daemon [_thread_blocked, id=21204, stack(0x0000001fa3500000,0x0000001fa3600000)]
  0x000001bf6403e000 JavaThread "nacos-grpc-client-executor-localhost-6" daemon [_thread_blocked, id=14268, stack(0x0000001fa3400000,0x0000001fa3500000)]
  0x000001bf6403d000 JavaThread "nacos-grpc-client-executor-localhost-5" daemon [_thread_blocked, id=25448, stack(0x0000001fa3300000,0x0000001fa3400000)]
  0x000001bf6403c800 JavaThread "nacos-grpc-client-executor-localhost-4" daemon [_thread_blocked, id=8824, stack(0x0000001fa3200000,0x0000001fa3300000)]
  0x000001bf6403b000 JavaThread "nacos-grpc-client-executor-localhost-3" daemon [_thread_blocked, id=21420, stack(0x0000001fa3100000,0x0000001fa3200000)]
  0x000001bf6403b800 JavaThread "nacos-grpc-client-executor-localhost-2" daemon [_thread_blocked, id=14680, stack(0x0000001fa3000000,0x0000001fa3100000)]
  0x000001bf6403f000 JavaThread "nacos-grpc-client-executor-localhost-1" daemon [_thread_blocked, id=23252, stack(0x0000001fa2f00000,0x0000001fa3000000)]
  0x000001bf64033800 JavaThread "nacos-grpc-client-executor-localhost-0" daemon [_thread_blocked, id=15736, stack(0x0000001fa2e00000,0x0000001fa2f00000)]
  0x000001bf6403a000 JavaThread "grpc-nio-worker-ELG-1-2" daemon [_thread_in_native, id=24096, stack(0x0000001fa2c00000,0x0000001fa2d00000)]
  0x000001bf64032800 JavaThread "grpc-default-executor-0" daemon [_thread_blocked, id=10880, stack(0x0000001fa2b00000,0x0000001fa2c00000)]
  0x000001bf64039800 JavaThread "grpc-nio-worker-ELG-1-1" daemon [_thread_in_native, id=23516, stack(0x0000001fa2a00000,0x0000001fa2b00000)]
  0x000001bf64032000 JavaThread "com.alibaba.nacos.client.remote.worker" daemon [_thread_blocked, id=16568, stack(0x0000001fa2900000,0x0000001fa2a00000)]
  0x000001bf64038800 JavaThread "com.alibaba.nacos.client.remote.worker" daemon [_thread_blocked, id=13980, stack(0x0000001fa2800000,0x0000001fa2900000)]
  0x000001bf64036800 JavaThread "nacos.publisher-com.alibaba.nacos.common.notify.SlowEvent" daemon [_thread_blocked, id=24876, stack(0x0000001fa2700000,0x0000001fa2800000)]
  0x000001bf64035800 JavaThread "com.alibaba.nacos.client.Worker" daemon [_thread_blocked, id=15776, stack(0x0000001fa2600000,0x0000001fa2700000)]
  0x000001bf64031000 JavaThread "com.alibaba.nacos.client.Worker" daemon [_thread_blocked, id=24152, stack(0x0000001fa2500000,0x0000001fa2600000)]
  0x000001bf64038000 JavaThread "com.alibaba.nacos.client.Worker" daemon [_thread_blocked, id=22996, stack(0x0000001fa2400000,0x0000001fa2500000)]
  0x000001bf64035000 JavaThread "com.alibaba.nacos.client.auth.ram.identify.watcher.0" daemon [_thread_blocked, id=16340, stack(0x0000001fa2300000,0x0000001fa2400000)]
  0x000001bf64251800 JavaThread "Dubbo-global-shared-handler-thread-2" daemon [_thread_blocked, id=23852, stack(0x0000001fa2200000,0x0000001fa2300000)]
  0x000001bf641ab000 JavaThread "Dubbo-global-shared-handler-thread-1" daemon [_thread_blocked, id=16780, stack(0x0000001fa2100000,0x0000001fa2200000)]
  0x000001bf6053e800 JavaThread "Service Thread" daemon [_thread_blocked, id=5332, stack(0x0000001fa1d00000,0x0000001fa1e00000)]
  0x000001bf60462800 JavaThread "C1 CompilerThread11" daemon [_thread_blocked, id=15472, stack(0x0000001fa1c00000,0x0000001fa1d00000)]
  0x000001bf6045f000 JavaThread "C1 CompilerThread10" daemon [_thread_blocked, id=316, stack(0x0000001fa1b00000,0x0000001fa1c00000)]
  0x000001bf60462000 JavaThread "C1 CompilerThread9" daemon [_thread_blocked, id=16620, stack(0x0000001fa1a00000,0x0000001fa1b00000)]
  0x000001bf60455000 JavaThread "C1 CompilerThread8" daemon [_thread_blocked, id=5268, stack(0x0000001fa1900000,0x0000001fa1a00000)]
  0x000001bf60443800 JavaThread "C2 CompilerThread7" daemon [_thread_blocked, id=22284, stack(0x0000001fa1800000,0x0000001fa1900000)]
  0x000001bf60440800 JavaThread "C2 CompilerThread6" daemon [_thread_blocked, id=24532, stack(0x0000001fa1700000,0x0000001fa1800000)]
  0x000001bf6043a000 JavaThread "C2 CompilerThread5" daemon [_thread_blocked, id=6708, stack(0x0000001fa1600000,0x0000001fa1700000)]
  0x000001bf60436000 JavaThread "C2 CompilerThread4" daemon [_thread_blocked, id=23684, stack(0x0000001fa1500000,0x0000001fa1600000)]
=>0x000001bf60433000 JavaThread "C2 CompilerThread3" daemon [_thread_in_native, id=20652, stack(0x0000001fa1400000,0x0000001fa1500000)]
  0x000001bf60428800 JavaThread "C2 CompilerThread2" daemon [_thread_blocked, id=19256, stack(0x0000001fa1300000,0x0000001fa1400000)]
  0x000001bf60427800 JavaThread "C2 CompilerThread1" daemon [_thread_in_native, id=18608, stack(0x0000001fa1200000,0x0000001fa1300000)]
  0x000001bf60427000 JavaThread "C2 CompilerThread0" daemon [_thread_blocked, id=19360, stack(0x0000001fa1100000,0x0000001fa1200000)]
  0x000001bf60431800 JavaThread "Monitor Ctrl-Break" daemon [_thread_in_native, id=4772, stack(0x0000001fa1000000,0x0000001fa1100000)]
  0x000001bf60400800 JavaThread "Attach Listener" daemon [_thread_blocked, id=6268, stack(0x0000001fa0f00000,0x0000001fa1000000)]
  0x000001bf603fd800 JavaThread "Signal Dispatcher" daemon [_thread_blocked, id=13616, stack(0x0000001fa0e00000,0x0000001fa0f00000)]
  0x000001bf5e756800 JavaThread "Finalizer" daemon [_thread_blocked, id=20912, stack(0x0000001fa0d00000,0x0000001fa0e00000)]
  0x000001bf60393000 JavaThread "Reference Handler" daemon [_thread_blocked, id=15040, stack(0x0000001fa0c00000,0x0000001fa0d00000)]
  0x000001bf43d63800 JavaThread "main" [_thread_in_Java, id=11832, stack(0x0000001f9fd00000,0x0000001f9fe00000)]

Other Threads:
  0x000001bf60372800 VMThread [stack: 0x0000001fa0b00000,0x0000001fa0c00000] [id=17860]
  0x000001bf605a9800 WatcherThread [stack: 0x0000001fa1e00000,0x0000001fa1f00000] [id=23088]

VM state:not at safepoint (normal execution)

VM Mutex/Monitor currently owned by a thread: None

heap address: 0x00000006ca200000, size: 3934 MB, Compressed Oops mode: Zero based, Oop shift amount: 3
Narrow klass base: 0x0000000000000000, Narrow klass shift: 3
Compressed class space size: 1073741824 Address: 0x00000007c0000000

Heap:
 PSYoungGen      total 269824K, used 29872K [0x000000076e100000, 0x000000077fc80000, 0x00000007c0000000)
  eden space 260608K, 11% used [0x000000076e100000,0x000000076fe2c3c8,0x000000077df80000)
  from space 9216K, 0% used [0x000000077f380000,0x000000077f380000,0x000000077fc80000)
  to   space 14848K, 0% used [0x000000077df80000,0x000000077df80000,0x000000077ee00000)
 ParOldGen       total 196608K, used 26481K [0x00000006ca200000, 0x00000006d6200000, 0x000000076e100000)
  object space 196608K, 13% used [0x00000006ca200000,0x00000006cbbdc718,0x00000006d6200000)
 Metaspace       used 58048K, capacity 60980K, committed 61144K, reserved 1101824K
  class space    used 7603K, capacity 8126K, committed 8192K, reserved 1048576K

Card table byte_map: [0x000001bf54b10000,0x000001bf552c0000] byte_map_base: 0x000001bf514bf000

Marking Bits: (ParMarkBitMap*) 0x0000000053606ff0
 Begin Bits: [0x000001bf557e0000, 0x000001bf59558000)
 End Bits:   [0x000001bf59558000, 0x000001bf5d2d0000)

Polling page: 0x000001bf43f10000

CodeCache: size=245760Kb used=16955Kb max_used=16959Kb free=228804Kb
 bounds [0x000001bf45750000, 0x000001bf46800000, 0x000001bf54750000]
 total_blobs=4800 nmethods=4267 adapters=443
 compilation: enabled

Compilation events (10 events):
Event: 11.732 Thread 0x000001bf6045f000 nmethod 4836 0x000001bf4615cc90 code [0x000001bf4615ce20, 0x000001bf4615d280]
Event: 11.732 Thread 0x000001bf60462000 4838   !   3       java.util.Collections$SynchronizedCollection::toArray (25 bytes)
Event: 11.733 Thread 0x000001bf60436000 4839       4       java.util.HashMap$HashIterator::<init> (79 bytes)
Event: 11.733 Thread 0x000001bf60462000 nmethod 4838 0x000001bf46159ad0 code [0x000001bf46159c40, 0x000001bf4615a010]
Event: 11.733 Thread 0x000001bf60455000 nmethod 4837 0x000001bf461582d0 code [0x000001bf46158520, 0x000001bf46159670]
Event: 11.733 Thread 0x000001bf6045f000 4840       1       org.springframework.boot.context.properties.bind.Binder::access$600 (5 bytes)
Event: 11.733 Thread 0x000001bf6045f000 nmethod 4840 0x000001bf463ce250 code [0x000001bf463ce3a0, 0x000001bf463ce498]
Event: 11.733 Thread 0x000001bf60443800 nmethod 4801 0x000001bf461562d0 code [0x000001bf46156480, 0x000001bf46157878]
Event: 11.734 Thread 0x000001bf60462800 nmethod 4835 0x000001bf46153490 code [0x000001bf461537a0, 0x000001bf461553b0]
Event: 11.736 Thread 0x000001bf60436000 nmethod 4839 0x000001bf4615ad10 code [0x000001bf4615ae60, 0x000001bf4615b138]

GC Heap History (10 events):
Event: 6.222 GC heap before
{Heap before GC invocations=11 (full 2):
 PSYoungGen      total 152576K, used 5720K [0x000000076e100000, 0x000000077b900000, 0x00000007c0000000)
  eden space 141312K, 0% used [0x000000076e100000,0x000000076e100000,0x0000000776b00000)
  from space 11264K, 50% used [0x0000000776b00000,0x00000007770961f8,0x0000000777600000)
  to   space 11264K, 0% used [0x000000077ae00000,0x000000077ae00000,0x000000077b900000)
 ParOldGen       total 100864K, used 10475K [0x00000006ca200000, 0x00000006d0480000, 0x000000076e100000)
  object space 100864K, 10% used [0x00000006ca200000,0x00000006cac3aff0,0x00000006d0480000)
 Metaspace       used 33091K, capacity 35430K, committed 35456K, reserved 1079296K
  class space    used 4302K, capacity 4717K, committed 4736K, reserved 1048576K
Event: 6.253 GC heap after
Heap after GC invocations=11 (full 2):
 PSYoungGen      total 152576K, used 0K [0x000000076e100000, 0x000000077b900000, 0x00000007c0000000)
  eden space 141312K, 0% used [0x000000076e100000,0x000000076e100000,0x0000000776b00000)
  from space 11264K, 0% used [0x0000000776b00000,0x0000000776b00000,0x0000000777600000)
  to   space 11264K, 0% used [0x000000077ae00000,0x000000077ae00000,0x000000077b900000)
 ParOldGen       total 136704K, used 12233K [0x00000006ca200000, 0x00000006d2780000, 0x000000076e100000)
  object space 136704K, 8% used [0x00000006ca200000,0x00000006cadf2658,0x00000006d2780000)
 Metaspace       used 33091K, capacity 35430K, committed 35456K, reserved 1079296K
  class space    used 4302K, capacity 4717K, committed 4736K, reserved 1048576K
}
Event: 7.003 GC heap before
{Heap before GC invocations=12 (full 2):
 PSYoungGen      total 152576K, used 141312K [0x000000076e100000, 0x000000077b900000, 0x00000007c0000000)
  eden space 141312K, 100% used [0x000000076e100000,0x0000000776b00000,0x0000000776b00000)
  from space 11264K, 0% used [0x0000000776b00000,0x0000000776b00000,0x0000000777600000)
  to   space 11264K, 0% used [0x000000077ae00000,0x000000077ae00000,0x000000077b900000)
 ParOldGen       total 136704K, used 12233K [0x00000006ca200000, 0x00000006d2780000, 0x000000076e100000)
  object space 136704K, 8% used [0x00000006ca200000,0x00000006cadf2658,0x00000006d2780000)
 Metaspace       used 39119K, capacity 41652K, committed 41856K, reserved 1085440K
  class space    used 5017K, capacity 5468K, committed 5504K, reserved 1048576K
Event: 7.009 GC heap after
Heap after GC invocations=12 (full 2):
 PSYoungGen      total 205824K, used 9509K [0x000000076e100000, 0x000000077b780000, 0x00000007c0000000)
  eden space 196096K, 0% used [0x000000076e100000,0x000000076e100000,0x000000077a080000)
  from space 9728K, 97% used [0x000000077ae00000,0x000000077b749640,0x000000077b780000)
  to   space 11776K, 0% used [0x000000077a080000,0x000000077a080000,0x000000077ac00000)
 ParOldGen       total 136704K, used 12241K [0x00000006ca200000, 0x00000006d2780000, 0x000000076e100000)
  object space 136704K, 8% used [0x00000006ca200000,0x00000006cadf4658,0x00000006d2780000)
 Metaspace       used 39119K, capacity 41652K, committed 41856K, reserved 1085440K
  class space    used 5017K, capacity 5468K, committed 5504K, reserved 1048576K
}
Event: 9.548 GC heap before
{Heap before GC invocations=13 (full 2):
 PSYoungGen      total 205824K, used 205605K [0x000000076e100000, 0x000000077b780000, 0x00000007c0000000)
  eden space 196096K, 100% used [0x000000076e100000,0x000000077a080000,0x000000077a080000)
  from space 9728K, 97% used [0x000000077ae00000,0x000000077b749640,0x000000077b780000)
  to   space 11776K, 0% used [0x000000077a080000,0x000000077a080000,0x000000077ac00000)
 ParOldGen       total 136704K, used 12241K [0x00000006ca200000, 0x00000006d2780000, 0x000000076e100000)
  object space 136704K, 8% used [0x00000006ca200000,0x00000006cadf4658,0x00000006d2780000)
 Metaspace       used 50645K, capacity 53434K, committed 53760K, reserved 1095680K
  class space    used 6615K, capacity 7103K, committed 7168K, reserved 1048576K
Event: 9.558 GC heap after
Heap after GC invocations=13 (full 2):
 PSYoungGen      total 207872K, used 11771K [0x000000076e100000, 0x0000000780280000, 0x00000007c0000000)
  eden space 196096K, 0% used [0x000000076e100000,0x000000076e100000,0x000000077a080000)
  from space 11776K, 99% used [0x000000077a080000,0x000000077abfed28,0x000000077ac00000)
  to   space 15360K, 0% used [0x000000077f380000,0x000000077f380000,0x0000000780280000)
 ParOldGen       total 136704K, used 18384K [0x00000006ca200000, 0x00000006d2780000, 0x000000076e100000)
  object space 136704K, 13% used [0x00000006ca200000,0x00000006cb3f41a8,0x00000006d2780000)
 Metaspace       used 50645K, capacity 53434K, committed 53760K, reserved 1095680K
  class space    used 6615K, capacity 7103K, committed 7168K, reserved 1048576K
}
Event: 11.443 GC heap before
{Heap before GC invocations=14 (full 2):
 PSYoungGen      total 207872K, used 109126K [0x000000076e100000, 0x0000000780280000, 0x00000007c0000000)
  eden space 196096K, 49% used [0x000000076e100000,0x0000000774012de0,0x000000077a080000)
  from space 11776K, 99% used [0x000000077a080000,0x000000077abfed28,0x000000077ac00000)
  to   space 15360K, 0% used [0x000000077f380000,0x000000077f380000,0x0000000780280000)
 ParOldGen       total 136704K, used 18384K [0x00000006ca200000, 0x00000006d2780000, 0x000000076e100000)
  object space 136704K, 13% used [0x00000006ca200000,0x00000006cb3f41a8,0x00000006d2780000)
 Metaspace       used 56164K, capacity 59038K, committed 59096K, reserved 1099776K
  class space    used 7380K, capacity 7915K, committed 7936K, reserved 1048576K
Event: 11.451 GC heap after
Heap after GC invocations=14 (full 2):
 PSYoungGen      total 269824K, used 7829K [0x000000076e100000, 0x000000077fc80000, 0x00000007c0000000)
  eden space 260608K, 0% used [0x000000076e100000,0x000000076e100000,0x000000077df80000)
  from space 9216K, 84% used [0x000000077f380000,0x000000077fb25660,0x000000077fc80000)
  to   space 14848K, 0% used [0x000000077df80000,0x000000077df80000,0x000000077ee00000)
 ParOldGen       total 136704K, used 26718K [0x00000006ca200000, 0x00000006d2780000, 0x000000076e100000)
  object space 136704K, 19% used [0x00000006ca200000,0x00000006cbc179e8,0x00000006d2780000)
 Metaspace       used 56164K, capacity 59038K, committed 59096K, reserved 1099776K
  class space    used 7380K, capacity 7915K, committed 7936K, reserved 1048576K
}
Event: 11.451 GC heap before
{Heap before GC invocations=15 (full 3):
 PSYoungGen      total 269824K, used 7829K [0x000000076e100000, 0x000000077fc80000, 0x00000007c0000000)
  eden space 260608K, 0% used [0x000000076e100000,0x000000076e100000,0x000000077df80000)
  from space 9216K, 84% used [0x000000077f380000,0x000000077fb25660,0x000000077fc80000)
  to   space 14848K, 0% used [0x000000077df80000,0x000000077df80000,0x000000077ee00000)
 ParOldGen       total 136704K, used 26718K [0x00000006ca200000, 0x00000006d2780000, 0x000000076e100000)
  object space 136704K, 19% used [0x00000006ca200000,0x00000006cbc179e8,0x00000006d2780000)
 Metaspace       used 56164K, capacity 59038K, committed 59096K, reserved 1099776K
  class space    used 7380K, capacity 7915K, committed 7936K, reserved 1048576K
Event: 11.568 GC heap after
Heap after GC invocations=15 (full 3):
 PSYoungGen      total 269824K, used 0K [0x000000076e100000, 0x000000077fc80000, 0x00000007c0000000)
  eden space 260608K, 0% used [0x000000076e100000,0x000000076e100000,0x000000077df80000)
  from space 9216K, 0% used [0x000000077f380000,0x000000077f380000,0x000000077fc80000)
  to   space 14848K, 0% used [0x000000077df80000,0x000000077df80000,0x000000077ee00000)
 ParOldGen       total 196608K, used 26481K [0x00000006ca200000, 0x00000006d6200000, 0x000000076e100000)
  object space 196608K, 13% used [0x00000006ca200000,0x00000006cbbdc718,0x00000006d6200000)
 Metaspace       used 56164K, capacity 59038K, committed 59096K, reserved 1099776K
  class space    used 7380K, capacity 7915K, committed 7936K, reserved 1048576K
}

Deoptimization events (10 events):
Event: 11.431 Thread 0x000001bf43d63800 Uncommon trap: reason=class_check action=maybe_recompile pc=0x000001bf45f6604c method=java.util.stream.StreamOpFlag.fromCharacteristics(Ljava/util/Spliterator;)I @ 14
Event: 11.640 Thread 0x000001bf43d63800 Uncommon trap: reason=unstable_if action=reinterpret pc=0x000001bf465bf358 method=java.util.WeakHashMap.put(Ljava/lang/Object;Ljava/lang/Object;)Ljava/lang/Object; @ 47
Event: 11.642 Thread 0x000001bf43d63800 Uncommon trap: reason=unstable_if action=reinterpret pc=0x000001bf45d1fe34 method=jdk.internal.org.objectweb.asm.Item.isEqualTo(Ljdk/internal/org/objectweb/asm/Item;)Z @ 345
Event: 11.642 Thread 0x000001bf43d63800 Uncommon trap: reason=unstable_if action=reinterpret pc=0x000001bf4625a428 method=java.lang.invoke.MethodType.checkPtypes([Ljava/lang/Class;)I @ 40
Event: 11.642 Thread 0x000001bf43d63800 Uncommon trap: reason=unstable_if action=reinterpret pc=0x000001bf4602772c method=jdk.internal.org.objectweb.asm.MethodWriter.visitVarInsn(II)V @ 134
Event: 11.649 Thread 0x000001bf43d63800 Uncommon trap: reason=class_check action=maybe_recompile pc=0x000001bf45cc3900 method=java.util.Collections$UnmodifiableMap$UnmodifiableEntrySet$UnmodifiableEntry.<init>(Ljava/util/Map$Entry;)V @ 9
Event: 11.649 Thread 0x000001bf43d63800 Uncommon trap: reason=class_check action=maybe_recompile pc=0x000001bf45cc3900 method=java.util.Collections$UnmodifiableMap$UnmodifiableEntrySet$UnmodifiableEntry.<init>(Ljava/util/Map$Entry;)V @ 9
Event: 11.649 Thread 0x000001bf43d63800 Uncommon trap: reason=class_check action=maybe_recompile pc=0x000001bf45cc3900 method=java.util.Collections$UnmodifiableMap$UnmodifiableEntrySet$UnmodifiableEntry.<init>(Ljava/util/Map$Entry;)V @ 9
Event: 11.649 Thread 0x000001bf43d63800 Uncommon trap: reason=class_check action=maybe_recompile pc=0x000001bf45cc3900 method=java.util.Collections$UnmodifiableMap$UnmodifiableEntrySet$UnmodifiableEntry.<init>(Ljava/util/Map$Entry;)V @ 9
Event: 11.714 Thread 0x000001bf43d63800 Uncommon trap: reason=null_check action=make_not_entrant pc=0x000001bf45c12bd4 method=java.lang.Class.createAnnotationData(I)Ljava/lang/Class$AnnotationData; @ 14

Classes redefined (0 events):
No events

Internal exceptions (10 events):
Event: 11.679 Thread 0x000001bf43d63800 Exception <a 'java/lang/ClassNotFoundException': com/baomidou/mybatisplus/extension/service/IServiceCustomizer> (0x000000076ef24c08) thrown at [C:\jenkins\workspace\8-2-build-windows-amd64-cygwin\jdk8u281\880\hotspot\src\share\vm\classfile\systemDictionar
Event: 11.681 Thread 0x000001bf43d63800 Exception <a 'java/lang/ClassNotFoundException': java/lang/ObjectCustomizer> (0x000000076eff27d8) thrown at [C:\jenkins\workspace\8-2-build-windows-amd64-cygwin\jdk8u281\880\hotspot\src\share\vm\classfile\systemDictionary.cpp, line 212]
Event: 11.682 Thread 0x000001bf43d63800 Exception <a 'java/lang/ClassNotFoundException': org/springframework/dao/support/DaoSupportCustomizer> (0x000000076f02a288) thrown at [C:\jenkins\workspace\8-2-build-windows-amd64-cygwin\jdk8u281\880\hotspot\src\share\vm\classfile\systemDictionary.cpp, li
Event: 11.682 Thread 0x000001bf43d63800 Exception <a 'java/lang/ClassNotFoundException': org/mybatis/spring/support/SqlSessionDaoSupportCustomizer> (0x000000076f0625c0) thrown at [C:\jenkins\workspace\8-2-build-windows-amd64-cygwin\jdk8u281\880\hotspot\src\share\vm\classfile\systemDictionary.cp
Event: 11.682 Thread 0x000001bf43d63800 Exception <a 'java/lang/ClassNotFoundException': org/mybatis/spring/mapper/MapperFactoryBeanCustomizer> (0x000000076f09eca0) thrown at [C:\jenkins\workspace\8-2-build-windows-amd64-cygwin\jdk8u281\880\hotspot\src\share\vm\classfile\systemDictionary.cpp, l
Event: 11.684 Thread 0x000001bf43d63800 Exception <a 'java/lang/ClassNotFoundException': org/springframework/beans/factory/FactoryBeanCustomizer> (0x000000076f0e5348) thrown at [C:\jenkins\workspace\8-2-build-windows-amd64-cygwin\jdk8u281\880\hotspot\src\share\vm\classfile\systemDictionary.cpp,
Event: 11.684 Thread 0x000001bf43d63800 Exception <a 'java/lang/ClassNotFoundException': org/springframework/beans/factory/InitializingBeanCustomizer> (0x000000076f1238a8) thrown at [C:\jenkins\workspace\8-2-build-windows-amd64-cygwin\jdk8u281\880\hotspot\src\share\vm\classfile\systemDictionary
Event: 11.691 Thread 0x000001bf43d63800 Exception <a 'java/lang/ClassNotFoundException': com/baomidou/mybatisplus/autoconfigure/MybatisPlusPropertiesBeanInfo> (0x000000076f220268) thrown at [C:\jenkins\workspace\8-2-build-windows-amd64-cygwin\jdk8u281\880\hotspot\src\share\vm\classfile\systemDi
Event: 11.698 Thread 0x000001bf43d63800 Exception <a 'java/lang/ClassNotFoundException': java/lang/ObjectCustomizer> (0x000000076f2b5228) thrown at [C:\jenkins\workspace\8-2-build-windows-amd64-cygwin\jdk8u281\880\hotspot\src\share\vm\classfile\systemDictionary.cpp, line 212]
Event: 11.699 Thread 0x000001bf43d63800 Exception <a 'java/lang/ClassNotFoundException': org/springframework/boot/context/properties/BoundConfigurationPropertiesCustomizer> (0x000000076f2ff920) thrown at [C:\jenkins\workspace\8-2-build-windows-amd64-cygwin\jdk8u281\880\hotspot\src\share\vm\clas

Events (10 events):
Event: 11.736 loading class org/apache/ibatis/reflection/ReflectionException
Event: 11.736 loading class org/apache/ibatis/reflection/ReflectionException done
Event: 11.736 loading class org/apache/ibatis/reflection/wrapper/DefaultObjectWrapperFactory
Event: 11.736 loading class org/apache/ibatis/reflection/wrapper/DefaultObjectWrapperFactory done
Event: 11.736 loading class org/apache/ibatis/executor/loader/javassist/JavassistProxyFactory
Event: 11.736 loading class org/apache/ibatis/executor/loader/javassist/JavassistProxyFactory done
Event: 11.737 loading class org/apache/ibatis/executor/ExecutorException
Event: 11.737 loading class org/apache/ibatis/executor/ExecutorException done
Event: 11.737 loading class org/apache/ibatis/javassist/util/proxy/ProxyFactory
Event: 11.737 loading class org/apache/ibatis/javassist/util/proxy/ProxyFactory done


Dynamic libraries:
0x00007ff6758d0000 - 0x00007ff675917000 	D:\software\jdk1.8.0_281\bin\java.exe
0x00007ffc45850000 - 0x00007ffc45a48000 	C:\WINDOWS\SYSTEM32\ntdll.dll
0x00007ffc438f0000 - 0x00007ffc439af000 	C:\WINDOWS\System32\KERNEL32.DLL
0x00007ffc43110000 - 0x00007ffc43406000 	C:\WINDOWS\System32\KERNELBASE.dll
0x00007ffc439b0000 - 0x00007ffc43a5f000 	C:\WINDOWS\System32\ADVAPI32.dll
0x00007ffc44430000 - 0x00007ffc444ce000 	C:\WINDOWS\System32\msvcrt.dll
0x00007ffc45740000 - 0x00007ffc457dc000 	C:\WINDOWS\System32\sechost.dll
0x00007ffc43ed0000 - 0x00007ffc43ff6000 	C:\WINDOWS\System32\RPCRT4.dll
0x00007ffc455a0000 - 0x00007ffc4573d000 	C:\WINDOWS\System32\USER32.dll
0x00007ffc437b0000 - 0x00007ffc437d2000 	C:\WINDOWS\System32\win32u.dll
0x00007ffc457e0000 - 0x00007ffc4580c000 	C:\WINDOWS\System32\GDI32.dll
0x00007ffc42ff0000 - 0x00007ffc43105000 	C:\WINDOWS\System32\gdi32full.dll
0x00007ffc437e0000 - 0x00007ffc4387d000 	C:\WINDOWS\System32\msvcp_win.dll
0x00007ffc43550000 - 0x00007ffc43650000 	C:\WINDOWS\System32\ucrtbase.dll
0x00007ffc1c770000 - 0x00007ffc1ca0a000 	C:\WINDOWS\WinSxS\amd64_microsoft.windows.common-controls_6595b64144ccf1df_6.0.19041.1110_none_60b5254171f9507e\COMCTL32.dll
0x00007ffc438c0000 - 0x00007ffc438f0000 	C:\WINDOWS\System32\IMM32.DLL
0x00007ffc2c5a0000 - 0x00007ffc2c5b5000 	D:\software\jdk1.8.0_281\jre\bin\vcruntime140.dll
0x00007ffc2c500000 - 0x00007ffc2c59b000 	D:\software\jdk1.8.0_281\jre\bin\msvcp140.dll
0x0000000052e20000 - 0x000000005367f000 	D:\software\jdk1.8.0_281\jre\bin\server\jvm.dll
0x00007ffc45380000 - 0x00007ffc45388000 	C:\WINDOWS\System32\PSAPI.DLL
0x00007ffc303b0000 - 0x00007ffc303b9000 	C:\WINDOWS\SYSTEM32\WSOCK32.dll
0x00007ffc44530000 - 0x00007ffc4459b000 	C:\WINDOWS\System32\WS2_32.dll
0x00007ffc40750000 - 0x00007ffc40777000 	C:\WINDOWS\SYSTEM32\WINMM.dll
0x00007ffc384c0000 - 0x00007ffc384ca000 	C:\WINDOWS\SYSTEM32\VERSION.dll
0x00007ffc41790000 - 0x00007ffc417a2000 	C:\WINDOWS\SYSTEM32\kernel.appcore.dll
0x00007ffc2c4f0000 - 0x00007ffc2c500000 	D:\software\jdk1.8.0_281\jre\bin\verify.dll
0x00007ffc2c4c0000 - 0x00007ffc2c4eb000 	D:\software\jdk1.8.0_281\jre\bin\java.dll
0x00007ffc34560000 - 0x00007ffc34590000 	D:\software\jdk1.8.0_281\jre\bin\instrument.dll
0x00007ffc2c4a0000 - 0x00007ffc2c4b8000 	D:\software\jdk1.8.0_281\jre\bin\zip.dll
0x00007ffc44c30000 - 0x00007ffc45374000 	C:\WINDOWS\System32\SHELL32.dll
0x00007ffc40da0000 - 0x00007ffc41533000 	C:\WINDOWS\SYSTEM32\windows.storage.dll
0x00007ffc43b70000 - 0x00007ffc43ec4000 	C:\WINDOWS\System32\combase.dll
0x00007ffc428a0000 - 0x00007ffc428ce000 	C:\WINDOWS\SYSTEM32\Wldp.dll
0x00007ffc44100000 - 0x00007ffc441ad000 	C:\WINDOWS\System32\SHCORE.dll
0x00007ffc444d0000 - 0x00007ffc44525000 	C:\WINDOWS\System32\shlwapi.dll
0x00007ffc42e60000 - 0x00007ffc42e85000 	C:\WINDOWS\SYSTEM32\profapi.dll
0x00007ffc34540000 - 0x00007ffc3455a000 	E:\IntelliJ IDEA 2020.1.1\bin\breakgen64.dll
0x00007ffc2bba0000 - 0x00007ffc2bbbc000 	D:\software\jdk1.8.0_281\jre\bin\net.dll
0x00007ffc42600000 - 0x00007ffc4266a000 	C:\WINDOWS\system32\mswsock.dll
0x00007ffc36ef0000 - 0x00007ffc36f03000 	D:\software\jdk1.8.0_281\jre\bin\nio.dll
0x00007ffc36df0000 - 0x00007ffc36dfd000 	D:\software\jdk1.8.0_281\jre\bin\management.dll
0x00007ffc2d690000 - 0x00007ffc2d6a7000 	C:\WINDOWS\system32\napinsp.dll
0x00007ffc2d650000 - 0x00007ffc2d66b000 	C:\WINDOWS\system32\pnrpnsp.dll
0x00007ffc3d990000 - 0x00007ffc3d9a5000 	C:\WINDOWS\system32\wshbth.dll
0x00007ffc3bba0000 - 0x00007ffc3bbbd000 	C:\WINDOWS\system32\NLAapi.dll
0x00007ffc422f0000 - 0x00007ffc4232b000 	C:\WINDOWS\SYSTEM32\IPHLPAPI.DLL
0x00007ffc42330000 - 0x00007ffc423fa000 	C:\WINDOWS\SYSTEM32\DNSAPI.dll
0x00007ffc44c20000 - 0x00007ffc44c28000 	C:\WINDOWS\System32\NSI.dll
0x00007ffc2d3b0000 - 0x00007ffc2d3c2000 	C:\WINDOWS\System32\winrnr.dll
0x00007ffc3bb90000 - 0x00007ffc3bb9a000 	C:\Windows\System32\rasadhlp.dll
0x00007ffc38020000 - 0x00007ffc380a2000 	C:\WINDOWS\System32\fwpuclnt.dll
0x00007ffc43880000 - 0x00007ffc438a7000 	C:\WINDOWS\System32\bcrypt.dll
0x00007ffc37ff0000 - 0x00007ffc38007000 	C:\WINDOWS\SYSTEM32\dhcpcsvc6.DLL
0x00007ffc37fd0000 - 0x00007ffc37fed000 	C:\WINDOWS\SYSTEM32\dhcpcsvc.DLL
0x00007ffc3b220000 - 0x00007ffc3b22b000 	C:\WINDOWS\SYSTEM32\WINNSI.DLL
0x00007ffc42800000 - 0x00007ffc42818000 	C:\WINDOWS\SYSTEM32\CRYPTSP.dll
0x00007ffc41f10000 - 0x00007ffc41f44000 	C:\WINDOWS\system32\rsaenh.dll
0x00007ffc42de0000 - 0x00007ffc42e0e000 	C:\WINDOWS\SYSTEM32\USERENV.dll
0x00007ffc43410000 - 0x00007ffc43492000 	C:\WINDOWS\System32\bcryptprimitives.dll
0x00007ffc427f0000 - 0x00007ffc427fc000 	C:\WINDOWS\SYSTEM32\CRYPTBASE.dll

VM Arguments:
jvm_args: -ea -Didea.test.cyclic.buffer.size=1048576 -javaagent:E:\IntelliJ IDEA 2020.1.1\lib\idea_rt.jar=60308:E:\IntelliJ IDEA 2020.1.1\bin -Dfile.encoding=UTF-8 
java_command: com.intellij.rt.junit.JUnitStarter -ideVersion5 -junit5 com.grapeapi.project.service.UserServiceTest,userRegister
java_class_path (initial): E:\IntelliJ IDEA 2020.1.1\lib\idea_rt.jar;D:\software\repository\maven_repository\org\junit\platform\junit-platform-launcher\1.8.2\junit-platform-launcher-1.8.2.jar;D:\software\repository\maven_repository\org\junit\vintage\junit-vintage-engine\5.8.2\junit-vintage-engine-5.8.2.jar;D:\software\repository\maven_repository\org\hamcrest\hamcrest-core\1.3\hamcrest-core-1.3.jar;E:\IntelliJ IDEA 2020.1.1\plugins\junit\lib\junit5-rt.jar;E:\IntelliJ IDEA 2020.1.1\plugins\junit\lib\junit-rt.jar;D:\software\jdk1.8.0_281\jre\lib\charsets.jar;D:\software\jdk1.8.0_281\jre\lib\deploy.jar;D:\software\jdk1.8.0_281\jre\lib\ext\access-bridge-64.jar;D:\software\jdk1.8.0_281\jre\lib\ext\cldrdata.jar;D:\software\jdk1.8.0_281\jre\lib\ext\dnsns.jar;D:\software\jdk1.8.0_281\jre\lib\ext\jaccess.jar;D:\software\jdk1.8.0_281\jre\lib\ext\jfxrt.jar;D:\software\jdk1.8.0_281\jre\lib\ext\localedata.jar;D:\software\jdk1.8.0_281\jre\lib\ext\nashorn.jar;D:\software\jdk1.8.0_281\jre\lib\ext\sunec.jar;D:\software\jdk1.8.0_281\jre\lib\ext\sunjce_provider.jar;D:\software\jdk1.8.0_281\jre\lib\ext\sunmscapi.jar;D:\software\jdk1.8.0_281\jre\lib\ext\sunpkcs11.jar;D:\software\jdk1.8.0_281\jre\lib\ext\zipfs.jar;D:\software\jdk1.8.0_281\jre\lib\javaws.jar;D:\software\jdk1.8.0_281\jre\lib\jce.jar;D:\software\jdk1.8.0_281\jre\lib\jfr.jar;D:\software\jdk1.8.0_281\jre\lib\jfxswt.jar;D:\software\jdk1.8.0_281\jre\lib\jsse.jar;D:\software\jdk1.8.0_281\jre\lib\management-agent.jar;D:\software\jdk1.8.0_281\jre\lib\plugin.jar;D:\software\jdk1.8.0_281\jre\lib\resources.jar;D:\software\jdk1.8.0_281\jre\lib\rt.jar;E:\code\Grape-API\api-backend\target\test-classes;E:\code\Grape-API\api-backend\target\classes;E:\code\Grape-API\api-common\target\classes;D:\software\repository\maven_repository\org\apache\dubbo\dubbo\3.0.9\dubbo-3.0.9.jar;D:\software\repository\maven_repository\org\springframework\spring-context\5.3.20\spring-context-5.3.20.jar;D:\software\repository\maven_repository\org\springframewor
Launcher Type: SUN_STANDARD

Environment Variables:
JAVA_HOME=D:\software\jdk1.8.0_281
CLASSPATH=.;D:\software\jdk1.8.0_281\lib\dt.jar;D:\software\jdk1.8.0_281\lib\tools.jar;
USERNAME=jianyang
OS=Windows_NT
PROCESSOR_IDENTIFIER=AMD64 Family 23 Model 96 Stepping 1, AuthenticAMD



---------------  S Y S T E M  ---------------

OS: Windows 10.0 , 64 bit Build 19041 (10.0.19041.3155)

CPU:total 16 (initial active 16) (16 cores per cpu, 1 threads per core) family 23 model 96 stepping 1, cmov, cx8, fxsr, mmx, sse, sse2, sse3, ssse3, sse4.1, sse4.2, popcnt, avx, avx2, aes, clmul, mmxext, 3dnowpref, lzcnt, sse4a, tsc, tscinvbit, tscinv, bmi1

Memory: 4k page, physical 16112436k(3083716k free), swap 20306740k(5144k free)

vm_info: Java HotSpot(TM) 64-Bit Server VM (25.281-b09) for windows-amd64 JRE (1.8.0_281-b09), built on Dec  9 2020 13:54:07 by "" with MS VC++ 15.9 (VS2017)

time: Sat Aug 12 09:48:49 2023
timezone: 中国标准时间
elapsed time: 11.756079 seconds (0d 0h 0m 11s)

